<?xml version="1.0" encoding="UTF-8"?>
<coverage generated="1580182991726" clover="3.2.0">
  <project timestamp="1580182991726" name="All files">
    <metrics statements="11" coveredstatements="10" conditionals="0" coveredconditionals="0" methods="6" coveredmethods="6" elements="17" coveredelements="16" complexity="0" loc="11" ncloc="11" packages="2" files="5" classes="5"/>
    <package name="src">
      <metrics statements="4" coveredstatements="3" conditionals="0" coveredconditionals="0" methods="2" coveredmethods="2"/>
      <file name="Reviews.jsx" path="/home/cade/ghrsea07/ghrsea07-front-end-capstone/service-reviews/client/src/Reviews.jsx">
        <metrics statements="3" coveredstatements="3" conditionals="0" coveredconditionals="0" methods="2" coveredmethods="2"/>
        <line num="9" count="2" type="stmt"/>
        <line num="10" count="2" type="stmt"/>
        <line num="16" count="2" type="stmt"/>
      </file>
      <file name="index.jsx" path="/home/cade/ghrsea07/ghrsea07-front-end-capstone/service-reviews/client/src/index.jsx">
        <metrics statements="1" coveredstatements="0" conditionals="0" coveredconditionals="0" methods="0" coveredmethods="0"/>
        <line num="5" count="0" type="stmt"/>
      </file>
    </package>
    <package name="src.Components">
      <metrics statements="7" coveredstatements="7" conditionals="0" coveredconditionals="0" methods="4" coveredmethods="4"/>
      <file name="AverageRating.jsx" path="/home/cade/ghrsea07/ghrsea07-front-end-capstone/service-reviews/client/src/Components/AverageRating.jsx">
        <metrics statements="2" coveredstatements="2" conditionals="0" coveredconditionals="0" methods="1" coveredmethods="1"/>
        <line num="3" count="1" type="stmt"/>
        <line num="4" count="2" type="stmt"/>
      </file>
      <file name="ReviewCard.jsx" path="/home/cade/ghrsea07/ghrsea07-front-end-capstone/service-reviews/client/src/Components/ReviewCard.jsx">
        <metrics statements="3" coveredstatements="3" conditionals="0" coveredconditionals="0" methods="2" coveredmethods="2"/>
        <line num="5" count="2" type="stmt"/>
        <line num="6" count="2" type="stmt"/>
        <line num="12" count="2" type="stmt"/>
      </file>
      <file name="VerifiedReviewsHeader.jsx" path="/home/cade/ghrsea07/ghrsea07-front-end-capstone/service-reviews/client/src/Components/VerifiedReviewsHeader.jsx">
        <metrics statements="2" coveredstatements="2" conditionals="0" coveredconditionals="0" methods="1" coveredmethods="1"/>
        <line num="3" count="1" type="stmt"/>
        <line num="4" count="2" type="stmt"/>
      </file>
    </package>
  </project>
</coverage>
