{"/home/cade/ghrsea07/ghrsea07-front-end-capstone/service-reviews/client/src/Reviews.jsx": {"path":"/home/cade/ghrsea07/ghrsea07-front-end-capstone/service-reviews/client/src/Reviews.jsx","statementMap":{"0":{"start":{"line":9,"column":4},"end":{"line":9,"column":17}},"1":{"start":{"line":10,"column":4},"end":{"line":12,"column":6}},"2":{"start":{"line":16,"column":4},"end":{"line":25,"column":6}}},"fnMap":{"0":{"name":"(anonymous_0)","decl":{"start":{"line":8,"column":2},"end":{"line":8,"column":3}},"loc":{"start":{"line":8,"column":21},"end":{"line":13,"column":3}},"line":8},"1":{"name":"(anonymous_1)","decl":{"start":{"line":15,"column":2},"end":{"line":15,"column":3}},"loc":{"start":{"line":15,"column":11},"end":{"line":26,"column":3}},"line":15}},"branchMap":{},"s":{"0":2,"1":2,"2":2},"f":{"0":2,"1":2},"b":{},"_coverageSchema":"1a1c01bbd47fc00a2c39e90264f33305004495a9","hash":"077d76a0482610279edd6886638d7d9fae502a0e"}
,"/home/cade/ghrsea07/ghrsea07-front-end-capstone/service-reviews/client/src/index.jsx": {"path":"/home/cade/ghrsea07/ghrsea07-front-end-capstone/service-reviews/client/src/index.jsx","statementMap":{"0":{"start":{"line":5,"column":0},"end":{"line":5,"column":65}}},"fnMap":{},"branchMap":{},"s":{"0":0},"f":{},"b":{}}
,"/home/cade/ghrsea07/ghrsea07-front-end-capstone/service-reviews/client/src/Components/AverageRating.jsx": {"path":"/home/cade/ghrsea07/ghrsea07-front-end-capstone/service-reviews/client/src/Components/AverageRating.jsx","statementMap":{"0":{"start":{"line":3,"column":22},"end":{"line":7,"column":1}},"1":{"start":{"line":4,"column":2},"end":{"line":6,"column":8}}},"fnMap":{"0":{"name":"(anonymous_0)","decl":{"start":{"line":3,"column":22},"end":{"line":3,"column":23}},"loc":{"start":{"line":4,"column":2},"end":{"line":6,"column":8}},"line":4}},"branchMap":{},"s":{"0":1,"1":2},"f":{"0":2},"b":{},"_coverageSchema":"1a1c01bbd47fc00a2c39e90264f33305004495a9","hash":"626541d01e33e0249a57d4d59e06d0b62127accf"}
,"/home/cade/ghrsea07/ghrsea07-front-end-capstone/service-reviews/client/src/Components/ReviewCard.jsx": {"path":"/home/cade/ghrsea07/ghrsea07-front-end-capstone/service-reviews/client/src/Components/ReviewCard.jsx","statementMap":{"0":{"start":{"line":5,"column":4},"end":{"line":5,"column":17}},"1":{"start":{"line":6,"column":4},"end":{"line":8,"column":6}},"2":{"start":{"line":12,"column":4},"end":{"line":16,"column":6}}},"fnMap":{"0":{"name":"(anonymous_0)","decl":{"start":{"line":4,"column":2},"end":{"line":4,"column":3}},"loc":{"start":{"line":4,"column":21},"end":{"line":9,"column":3}},"line":4},"1":{"name":"(anonymous_1)","decl":{"start":{"line":11,"column":2},"end":{"line":11,"column":3}},"loc":{"start":{"line":11,"column":11},"end":{"line":17,"column":3}},"line":11}},"branchMap":{},"s":{"0":2,"1":2,"2":2},"f":{"0":2,"1":2},"b":{},"_coverageSchema":"1a1c01bbd47fc00a2c39e90264f33305004495a9","hash":"705e87356fbacfc46c421442267951a8fb831884"}
,"/home/cade/ghrsea07/ghrsea07-front-end-capstone/service-reviews/client/src/Components/VerifiedReviewsHeader.jsx": {"path":"/home/cade/ghrsea07/ghrsea07-front-end-capstone/service-reviews/client/src/Components/VerifiedReviewsHeader.jsx","statementMap":{"0":{"start":{"line":3,"column":30},"end":{"line":7,"column":1}},"1":{"start":{"line":4,"column":2},"end":{"line":6,"column":8}}},"fnMap":{"0":{"name":"(anonymous_0)","decl":{"start":{"line":3,"column":30},"end":{"line":3,"column":31}},"loc":{"start":{"line":4,"column":2},"end":{"line":6,"column":8}},"line":4}},"branchMap":{},"s":{"0":1,"1":2},"f":{"0":2},"b":{},"_coverageSchema":"1a1c01bbd47fc00a2c39e90264f33305004495a9","hash":"00b88e8f3a4ad4af4af429b854a69efcaa9fb72c"}
}
